<?xml version="1.0" encoding="UTF-8"?>
<!-- Generated by org.testng.reporters.JUnitXMLReporter -->
<testsuite ignored="0" hostname="DESKTOP-5FSGGV4" failures="1" tests="2" name="Run on chrome" time="21.491" errors="0" timestamp="09 Nov 2022 15:22:51 GMT">
  <testcase classname="com.nopcommerce.Level_15_Allure" name="User_01_Register" time="6.098"/>
  <testcase classname="com.nopcommerce.Level_15_Allure" name="User_02_Login" time="2.492">
    <failure type="java.lang.AssertionError" message="expected [false] but found [true]">
      <![CDATA[java.lang.AssertionError: expected [false] but found [true]
at com.nopcommerce.Level_15_Allure.User_02_Login(Level_15_Allure.java:71)
... Removed 29 stack frames]]>
    </failure>
  </testcase> <!-- User_02_Login -->
</testsuite> <!-- Run on chrome -->
